0 info it worked if it ends with ok
1 verbose cli [ 'node',
1 verbose cli   '/usr/local/bin/npm',
1 verbose cli   'i',
1 verbose cli   '--save-dev',
1 verbose cli   'karma-chrome-lancher' ]
2 info using npm@1.4.28
3 info using node@v0.10.33
4 warn package.json Testing_in_projects@1.0.0 No description
5 warn package.json Testing_in_projects@1.0.0 No repository field.
6 warn package.json Testing_in_projects@1.0.0 No README data
7 verbose readDependencies using package.json deps
8 verbose cache add [ 'karma-chrome-lancher', null ]
9 verbose cache add name=undefined spec="karma-chrome-lancher" args=["karma-chrome-lancher",null]
10 verbose parsed url { protocol: null,
10 verbose parsed url   slashes: null,
10 verbose parsed url   auth: null,
10 verbose parsed url   host: null,
10 verbose parsed url   port: null,
10 verbose parsed url   hostname: null,
10 verbose parsed url   hash: null,
10 verbose parsed url   search: null,
10 verbose parsed url   query: null,
10 verbose parsed url   pathname: 'karma-chrome-lancher',
10 verbose parsed url   path: 'karma-chrome-lancher',
10 verbose parsed url   href: 'karma-chrome-lancher' }
11 silly lockFile bbe1d532-karma-chrome-lancher karma-chrome-lancher
12 verbose lock karma-chrome-lancher /Users/andriigordiichuk/.npm/bbe1d532-karma-chrome-lancher.lock
13 silly lockFile bbe1d532-karma-chrome-lancher karma-chrome-lancher
14 silly lockFile bbe1d532-karma-chrome-lancher karma-chrome-lancher
15 verbose addNamed [ 'karma-chrome-lancher', '' ]
16 verbose addNamed [ null, '*' ]
17 silly lockFile 1afc11b4-karma-chrome-lancher karma-chrome-lancher@
18 verbose lock karma-chrome-lancher@ /Users/andriigordiichuk/.npm/1afc11b4-karma-chrome-lancher.lock
19 silly addNameRange { name: 'karma-chrome-lancher', range: '*', hasData: false }
20 verbose request where is /karma-chrome-lancher
21 verbose request registry https://registry.npmjs.org/
22 verbose request id c7b57ed98879814a
23 verbose url raw /karma-chrome-lancher
24 verbose url resolving [ 'https://registry.npmjs.org/', './karma-chrome-lancher' ]
25 verbose url resolved https://registry.npmjs.org/karma-chrome-lancher
26 verbose request where is https://registry.npmjs.org/karma-chrome-lancher
27 info trying registry request attempt 1 at 11:28:40
28 http GET https://registry.npmjs.org/karma-chrome-lancher
29 http 404 https://registry.npmjs.org/karma-chrome-lancher
30 verbose headers { date: 'Wed, 25 Feb 2015 09:28:40 GMT',
30 verbose headers   server: 'CouchDB/1.5.0 (Erlang OTP/R16B03)',
30 verbose headers   'content-type': 'application/json',
30 verbose headers   'cache-control': 'max-age=0',
30 verbose headers   'content-length': '52',
30 verbose headers   'accept-ranges': 'bytes',
30 verbose headers   via: '1.1 varnish',
30 verbose headers   age: '0',
30 verbose headers   'x-served-by': 'cache-fra1223-FRA',
30 verbose headers   'x-cache': 'MISS',
30 verbose headers   'x-cache-hits': '0',
30 verbose headers   'x-timer': 'S1424856520.584779,VS0,VE103',
30 verbose headers   'keep-alive': 'timeout=10, max=50',
30 verbose headers   connection: 'Keep-Alive' }
31 silly registry.get cb [ 404,
31 silly registry.get   { date: 'Wed, 25 Feb 2015 09:28:40 GMT',
31 silly registry.get     server: 'CouchDB/1.5.0 (Erlang OTP/R16B03)',
31 silly registry.get     'content-type': 'application/json',
31 silly registry.get     'cache-control': 'max-age=0',
31 silly registry.get     'content-length': '52',
31 silly registry.get     'accept-ranges': 'bytes',
31 silly registry.get     via: '1.1 varnish',
31 silly registry.get     age: '0',
31 silly registry.get     'x-served-by': 'cache-fra1223-FRA',
31 silly registry.get     'x-cache': 'MISS',
31 silly registry.get     'x-cache-hits': '0',
31 silly registry.get     'x-timer': 'S1424856520.584779,VS0,VE103',
31 silly registry.get     'keep-alive': 'timeout=10, max=50',
31 silly registry.get     connection: 'Keep-Alive' } ]
32 silly lockFile 1afc11b4-karma-chrome-lancher karma-chrome-lancher@
33 silly lockFile 1afc11b4-karma-chrome-lancher karma-chrome-lancher@
34 error 404 404 Not Found: karma-chrome-lancher
34 error 404
34 error 404 'karma-chrome-lancher' is not in the npm registry.
34 error 404 You should bug the author to publish it
34 error 404 It was specified as a dependency of 'Testing_in_projects'
34 error 404
34 error 404 Note that you can also install from a
34 error 404 tarball, folder, or http url, or git url.
35 error System Darwin 14.1.0
36 error command "node" "/usr/local/bin/npm" "i" "--save-dev" "karma-chrome-lancher"
37 error cwd /Users/andriigordiichuk/Work/EPAM CDP program/Testing_in_projects
38 error node -v v0.10.33
39 error npm -v 1.4.28
40 error code E404
41 verbose exit [ 1, true ]
